[17Dec2024 00:00:13.633] [Server thread/WARN] [net.minecraft.server.MinecraftServer/]: Can't keep up! Is the server overloaded? Running 6294ms or 125 ticks behind
[17Dec2024 00:00:34.271] [Server thread/WARN] [net.minecraft.server.MinecraftServer/]: Can't keep up! Is the server overloaded? Running 5682ms or 113 ticks behind
[17Dec2024 00:00:55.414] [Server thread/WARN] [net.minecraft.server.MinecraftServer/]: Can't keep up! Is the server overloaded? Running 6176ms or 123 ticks behind
[17Dec2024 00:01:17.827] [Server thread/WARN] [net.minecraft.server.MinecraftServer/]: Can't keep up! Is the server overloaded? Running 7439ms or 148 ticks behind
[17Dec2024 00:01:39.703] [Server thread/WARN] [net.minecraft.server.MinecraftServer/]: Can't keep up! Is the server overloaded? Running 6914ms or 138 ticks behind
[17Dec2024 00:02:01.146] [Server thread/WARN] [net.minecraft.server.MinecraftServer/]: Can't keep up! Is the server overloaded? Running 6457ms or 129 ticks behind
[17Dec2024 00:02:21.437] [Server thread/WARN] [net.minecraft.server.MinecraftServer/]: Can't keep up! Is the server overloaded? Running 5298ms or 105 ticks behind
[17Dec2024 00:02:41.725] [Server thread/WARN] [net.minecraft.server.MinecraftServer/]: Can't keep up! Is the server overloaded? Running 5336ms or 106 ticks behind
[17Dec2024 00:03:01.333] [Server thread/WARN] [net.minecraft.server.MinecraftServer/]: Can't keep up! Is the server overloaded? Running 4644ms or 92 ticks behind
[17Dec2024 00:03:21.842] [Server thread/WARN] [net.minecraft.server.MinecraftServer/]: Can't keep up! Is the server overloaded? Running 5553ms or 111 ticks behind
[17Dec2024 00:03:43.865] [Server thread/WARN] [net.minecraft.server.MinecraftServer/]: Can't keep up! Is the server overloaded? Running 7026ms or 140 ticks behind
[17Dec2024 00:04:04.942] [Server thread/WARN] [net.minecraft.server.MinecraftServer/]: Can't keep up! Is the server overloaded? Running 6103ms or 122 ticks behind
[17Dec2024 00:04:24.686] [Server thread/WARN] [net.minecraft.server.MinecraftServer/]: Can't keep up! Is the server overloaded? Running 4748ms or 94 ticks behind
[17Dec2024 00:04:45.672] [Server thread/WARN] [net.minecraft.server.MinecraftServer/]: Can't keep up! Is the server overloaded? Running 6034ms or 120 ticks behind
[17Dec2024 00:05:05.136] [Server thread/WARN] [net.minecraft.server.MinecraftServer/]: Can't keep up! Is the server overloaded? Running 4497ms or 89 ticks behind
[17Dec2024 00:05:25.835] [Server thread/WARN] [net.minecraft.server.MinecraftServer/]: Can't keep up! Is the server overloaded? Running 5747ms or 114 ticks behind
[17Dec2024 00:05:45.132] [Server thread/WARN] [net.minecraft.server.MinecraftServer/]: Can't keep up! Is the server overloaded? Running 4344ms or 86 ticks behind
[17Dec2024 00:06:06.598] [Server thread/WARN] [net.minecraft.server.MinecraftServer/]: Can't keep up! Is the server overloaded? Running 6509ms or 130 ticks behind
[17Dec2024 00:06:31.233] [Server thread/WARN] [net.minecraft.server.MinecraftServer/]: Can't keep up! Is the server overloaded? Running 9644ms or 192 ticks behind
[17Dec2024 00:06:51.357] [Server thread/WARN] [net.minecraft.server.MinecraftServer/]: Can't keep up! Is the server overloaded? Running 5168ms or 103 ticks behind
[17Dec2024 00:07:14.067] [Server thread/WARN] [net.minecraft.server.MinecraftServer/]: Can't keep up! Is the server overloaded? Running 7728ms or 154 ticks behind
[17Dec2024 00:07:34.931] [Server thread/WARN] [net.minecraft.server.MinecraftServer/]: Can't keep up! Is the server overloaded? Running 5893ms or 117 ticks behind
[17Dec2024 00:07:57.005] [Server thread/WARN] [net.minecraft.server.MinecraftServer/]: Can't keep up! Is the server overloaded? Running 7116ms or 142 ticks behind
[17Dec2024 00:08:17.669] [Server thread/WARN] [net.minecraft.server.MinecraftServer/]: Can't keep up! Is the server overloaded? Running 5680ms or 113 ticks behind
[17Dec2024 00:08:38.672] [Server thread/WARN] [net.minecraft.server.MinecraftServer/]: Can't keep up! Is the server overloaded? Running 6033ms or 120 ticks behind
[17Dec2024 00:09:00.422] [Server thread/WARN] [net.minecraft.server.MinecraftServer/]: Can't keep up! Is the server overloaded? Running 6783ms or 135 ticks behind
[17Dec2024 00:09:23.131] [Server thread/WARN] [net.minecraft.server.MinecraftServer/]: Can't keep up! Is the server overloaded? Running 7742ms or 154 ticks behind
[17Dec2024 00:09:45.239] [Server thread/WARN] [net.minecraft.server.MinecraftServer/]: Can't keep up! Is the server overloaded? Running 7151ms or 143 ticks behind
[17Dec2024 00:10:07.359] [Server thread/WARN] [net.minecraft.server.MinecraftServer/]: Can't keep up! Is the server overloaded? Running 7121ms or 142 ticks behind
[17Dec2024 00:10:31.216] [Server thread/WARN] [net.minecraft.server.MinecraftServer/]: Can't keep up! Is the server overloaded? Running 8878ms or 177 ticks behind
[17Dec2024 00:10:57.018] [Server thread/WARN] [net.minecraft.server.MinecraftServer/]: Can't keep up! Is the server overloaded? Running 10829ms or 216 ticks behind
[17Dec2024 00:11:21.809] [Server thread/WARN] [net.minecraft.server.MinecraftServer/]: Can't keep up! Is the server overloaded? Running 9821ms or 196 ticks behind
[17Dec2024 00:11:46.334] [Server thread/WARN] [net.minecraft.server.MinecraftServer/]: Can't keep up! Is the server overloaded? Running 9545ms or 190 ticks behind
[17Dec2024 00:12:10.992] [Server thread/WARN] [net.minecraft.server.MinecraftServer/]: Can't keep up! Is the server overloaded? Running 9703ms or 194 ticks behind
[17Dec2024 00:12:35.972] [Server thread/WARN] [net.minecraft.server.MinecraftServer/]: Can't keep up! Is the server overloaded? Running 9983ms or 199 ticks behind
[17Dec2024 00:13:01.486] [Server thread/WARN] [net.minecraft.server.MinecraftServer/]: Can't keep up! Is the server overloaded? Running 10547ms or 210 ticks behind
[17Dec2024 00:13:24.557] [Server thread/WARN] [net.minecraft.server.MinecraftServer/]: Can't keep up! Is the server overloaded? Running 8119ms or 162 ticks behind
[17Dec2024 00:13:46.830] [Server thread/WARN] [net.minecraft.server.MinecraftServer/]: Can't keep up! Is the server overloaded? Running 7291ms or 145 ticks behind
[17Dec2024 00:14:14.512] [Server thread/WARN] [net.minecraft.server.MinecraftServer/]: Can't keep up! Is the server overloaded? Running 12723ms or 254 ticks behind
[17Dec2024 00:14:37.525] [Server thread/WARN] [net.minecraft.server.MinecraftServer/]: Can't keep up! Is the server overloaded? Running 8036ms or 160 ticks behind
[17Dec2024 00:15:02.310] [Server thread/WARN] [net.minecraft.server.MinecraftServer/]: Can't keep up! Is the server overloaded? Running 9822ms or 196 ticks behind
[17Dec2024 00:15:24.684] [Server thread/WARN] [net.minecraft.server.MinecraftServer/]: Can't keep up! Is the server overloaded? Running 7396ms or 147 ticks behind
[17Dec2024 00:15:47.459] [Server thread/WARN] [net.minecraft.server.MinecraftServer/]: Can't keep up! Is the server overloaded? Running 7821ms or 156 ticks behind
[17Dec2024 00:16:09.381] [Server thread/WARN] [net.minecraft.server.MinecraftServer/]: Can't keep up! Is the server overloaded? Running 6943ms or 138 ticks behind
[17Dec2024 00:16:31.247] [Server thread/WARN] [net.minecraft.server.MinecraftServer/]: Can't keep up! Is the server overloaded? Running 6908ms or 138 ticks behind
[17Dec2024 00:16:53.796] [Server thread/WARN] [net.minecraft.server.MinecraftServer/]: Can't keep up! Is the server overloaded? Running 7557ms or 151 ticks behind
[17Dec2024 00:17:16.355] [Server thread/WARN] [net.minecraft.server.MinecraftServer/]: Can't keep up! Is the server overloaded? Running 7566ms or 151 ticks behind
[17Dec2024 00:17:25.991] [Server thread/INFO] [net.minecraft.server.MinecraftServer/]: [quipit0s: Teleported GabrielCacao to quipit0s]
[17Dec2024 00:17:36.123] [Server thread/WARN] [net.minecraft.server.MinecraftServer/]: Can't keep up! Is the server overloaded? Running 4784ms or 95 ticks behind
[17Dec2024 00:17:54.836] [Server thread/WARN] [net.minecraft.server.MinecraftServer/]: Can't keep up! Is the server overloaded? Running 3747ms or 74 ticks behind
[17Dec2024 00:18:14.075] [Server thread/WARN] [net.minecraft.server.MinecraftServer/]: Can't keep up! Is the server overloaded? Running 4287ms or 85 ticks behind
[17Dec2024 00:18:32.037] [Server thread/INFO] [net.minecraft.server.MinecraftServer/]: [quipit0s: Teleported GamerRCJ to quipit0s]
[17Dec2024 00:18:33.076] [Server thread/WARN] [net.minecraft.server.MinecraftServer/]: Can't keep up! Is the server overloaded? Running 4037ms or 80 ticks behind
[17Dec2024 00:18:50.213] [Server thread/WARN] [net.minecraft.server.MinecraftServer/]: Can't keep up! Is the server overloaded? Running 2174ms or 43 ticks behind
[17Dec2024 00:19:10.621] [Server thread/WARN] [net.minecraft.server.MinecraftServer/]: Can't keep up! Is the server overloaded? Running 5433ms or 108 ticks behind
[17Dec2024 00:19:14.525] [Server thread/INFO] [net.minecraft.server.MinecraftServer/]: GabrielCacao has made the advancement [Those Were the Days]
[17Dec2024 00:19:26.570] [Server thread/INFO] [net.minecraft.server.MinecraftServer/]: [quipit0s: Teleported 3 entities to GabrielCacao]
[17Dec2024 00:19:26.715] [Server thread/INFO] [net.minecraft.server.MinecraftServer/]: quipit0s has made the advancement [Those Were the Days]
[17Dec2024 00:19:26.788] [Server thread/INFO] [net.minecraft.server.MinecraftServer/]: GamerRCJ has made the advancement [Those Were the Days]
[17Dec2024 00:19:31.947] [Server thread/WARN] [net.minecraft.server.MinecraftServer/]: Can't keep up! Is the server overloaded? Running 6359ms or 127 ticks behind
[17Dec2024 00:19:52.702] [Server thread/WARN] [net.minecraft.server.MinecraftServer/]: Can't keep up! Is the server overloaded? Running 5764ms or 115 ticks behind
[17Dec2024 00:20:13.811] [Server thread/WARN] [net.minecraft.server.MinecraftServer/]: Can't keep up! Is the server overloaded? Running 6123ms or 122 ticks behind
[17Dec2024 00:20:31.592] [Server thread/INFO] [net.minecraft.server.MinecraftServer/]: [quipit0s: Teleported GamerRCJ to quipit0s]
[17Dec2024 00:20:33.512] [Server thread/WARN] [net.minecraft.server.MinecraftServer/]: Can't keep up! Is the server overloaded? Running 4723ms or 94 ticks behind
[17Dec2024 00:20:45.158] [Server thread/INFO] [net.minecraft.server.MinecraftServer/]: GabrielCacao was slain by Piglin Brute
[17Dec2024 00:20:45.173] [Server thread/INFO] [com.tiviacz.travelersbackpack.TravelersBackpack/]: Created new backpack backup file for GabrielCacao with unique ID travelersbackpack.blaze_17.12.2024-00.20.45.dat
[17Dec2024 00:20:45.208] [Server thread/INFO] [tombstone/]: The player GabrielCacao has successfully been saved
[17Dec2024 00:20:46.634] [Server thread/INFO] [net.minecraft.server.MinecraftServer/]: [quipit0s: Teleported GabrielCacao to quipit0s]
[17Dec2024 00:20:52.113] [Server thread/WARN] [net.minecraft.server.MinecraftServer/]: Can't keep up! Is the server overloaded? Running 3624ms or 72 ticks behind
[17Dec2024 00:21:07.853] [Server thread/INFO] [net.minecraft.server.MinecraftServer/]: [quipit0s: Teleported GabrielCacao to quipit0s]
[17Dec2024 00:21:16.514] [Server thread/WARN] [net.minecraft.server.MinecraftServer/]: Can't keep up! Is the server overloaded? Running 9425ms or 188 ticks behind
[17Dec2024 00:21:16.681] [Server thread/INFO] [net.minecraft.server.MinecraftServer/]: [Not Secure] <GabrielCacao> mentiris
[17Dec2024 00:21:42.036] [Server thread/WARN] [net.minecraft.server.MinecraftServer/]: Can't keep up! Is the server overloaded? Running 10547ms or 210 ticks behind
[17Dec2024 00:21:49.095] [Server thread/INFO] [net.minecraft.server.MinecraftServer/]: GabrielCacao has made the advancement [War Pigs]
[17Dec2024 00:21:53.721] [Server thread/INFO] [net.minecraft.server.MinecraftServer/]: [quipit0s: Teleported GabrielCacao to quipit0s]
[17Dec2024 00:22:06.735] [Server thread/WARN] [net.minecraft.server.MinecraftServer/]: Can't keep up! Is the server overloaded? Running 9746ms or 194 ticks behind
[17Dec2024 00:22:28.323] [Server thread/WARN] [net.minecraft.server.MinecraftServer/]: Can't keep up! Is the server overloaded? Running 6634ms or 132 ticks behind
[17Dec2024 00:22:47.113] [Server thread/WARN] [net.minecraft.server.MinecraftServer/]: Can't keep up! Is the server overloaded? Running 3824ms or 76 ticks behind
[17Dec2024 00:23:06.378] [Server thread/WARN] [net.minecraft.server.MinecraftServer/]: Can't keep up! Is the server overloaded? Running 4290ms or 85 ticks behind
[17Dec2024 00:23:28.109] [Server thread/WARN] [net.minecraft.server.MinecraftServer/]: Can't keep up! Is the server overloaded? Running 6770ms or 135 ticks behind
[17Dec2024 00:23:54.755] [Server thread/WARN] [net.minecraft.server.MinecraftServer/]: Can't keep up! Is the server overloaded? Running 11666ms or 233 ticks behind
[17Dec2024 00:24:22.335] [Server thread/WARN] [net.minecraft.server.MinecraftServer/]: Can't keep up! Is the server overloaded? Running 12596ms or 251 ticks behind
[17Dec2024 00:24:45.494] [Server thread/WARN] [net.minecraft.server.MinecraftServer/]: Can't keep up! Is the server overloaded? Running 8205ms or 164 ticks behind
[17Dec2024 00:24:48.454] [Server thread/INFO] [net.minecraft.server.MinecraftServer/]: quipit0s has made the advancement [Tree Barks. Jabuticaba Leaves]
[17Dec2024 00:25:03.207] [Server thread/WARN] [net.minecraft.server.MinecraftServer/]: Can't keep up! Is the server overloaded? Running 2719ms or 54 ticks behind
[17Dec2024 00:27:10.328] [Server thread/INFO] [net.minecraft.server.MinecraftServer/]: GabrielCacao has made the advancement [It Belongs in a Museum]
[17Dec2024 00:27:26.438] [Server thread/WARN] [net.minecraft.server.MinecraftServer/]: Can't keep up! Is the server overloaded? Running 2749ms or 54 ticks behind
[17Dec2024 00:29:25.147] [Server thread/INFO] [net.minecraft.server.MinecraftServer/]: quipit0s has made the advancement [War Pigs]
[17Dec2024 00:29:49.462] [Server thread/INFO] [net.minecraft.server.MinecraftServer/]: [quipit0s: Teleported GamerRCJ to quipit0s]
[17Dec2024 00:30:16.455] [Server thread/WARN] [net.minecraft.server.MinecraftServer/]: Can't keep up! Is the server overloaded? Running 2016ms or 40 ticks behind
[17Dec2024 00:30:54.854] [Server thread/INFO] [net.minecraft.server.MinecraftServer/]: GamerRCJ has made the advancement [Ol' Betsy]
[17Dec2024 00:30:57.591] [Server thread/WARN] [net.minecraft.server.MinecraftServer/]: Can't keep up! Is the server overloaded? Running 2002ms or 40 ticks behind
[17Dec2024 00:31:21.892] [Server thread/WARN] [net.minecraft.server.MinecraftServer/]: Can't keep up! Is the server overloaded? Running 2003ms or 40 ticks behind
[17Dec2024 00:31:46.020] [Server thread/WARN] [net.minecraft.server.MinecraftServer/]: Can't keep up! Is the server overloaded? Running 2031ms or 40 ticks behind
[17Dec2024 00:32:03.228] [Server thread/WARN] [net.minecraft.server.MinecraftServer/]: Can't keep up! Is the server overloaded? Running 2239ms or 44 ticks behind
[17Dec2024 00:32:21.480] [Server thread/WARN] [net.minecraft.server.MinecraftServer/]: Can't keep up! Is the server overloaded? Running 3291ms or 65 ticks behind
[17Dec2024 00:32:35.108] [Server thread/INFO] [net.minecraft.server.MinecraftServer/]: [quipit0s: Teleported 3 entities to quipit0s]
[17Dec2024 00:32:39.934] [Server thread/WARN] [net.minecraft.server.MinecraftServer/]: Can't keep up! Is the server overloaded? Running 3495ms or 69 ticks behind
[17Dec2024 00:33:00.876] [Server thread/WARN] [net.minecraft.server.MinecraftServer/]: Can't keep up! Is the server overloaded? Running 5988ms or 119 ticks behind
[17Dec2024 00:33:19.365] [Server thread/WARN] [net.minecraft.server.MinecraftServer/]: Can't keep up! Is the server overloaded? Running 3526ms or 70 ticks behind
[17Dec2024 00:33:36.557] [Server thread/WARN] [net.minecraft.server.MinecraftServer/]: Can't keep up! Is the server overloaded? Running 2219ms or 44 ticks behind
[17Dec2024 00:35:22.343] [Server thread/INFO] [net.minecraft.server.MinecraftServer/]: [Not Secure] <GabrielCacao> nederraca
[17Dec2024 00:35:27.490] [Server thread/INFO] [net.minecraft.server.MinecraftServer/]: [Not Secure] <quipit0s> neteraja
[17Dec2024 00:37:57.073] [Server thread/WARN] [net.minecraft.server.MinecraftServer/]: Can't keep up! Is the server overloaded? Running 2134ms or 42 ticks behind
[17Dec2024 00:39:42.544] [Server thread/WARN] [net.minecraft.server.MinecraftServer/]: Can't keep up! Is the server overloaded? Running 2005ms or 40 ticks behind
[17Dec2024 00:46:51.849] [Server thread/INFO] [net.minecraft.server.MinecraftServer/]: GamerRCJ has made the advancement [Enchanter]
[17Dec2024 00:47:19.306] [Server thread/INFO] [net.minecraft.server.MinecraftServer/]: quipit0s was doomed to fall
[17Dec2024 00:47:19.366] [Server thread/INFO] [tombstone/]: The player quipit0s has successfully been saved
[17Dec2024 00:47:23.542] [Server thread/WARN] [net.minecraft.server.MinecraftServer/]: Can't keep up! Is the server overloaded? Running 2003ms or 40 ticks behind
[17Dec2024 00:47:42.147] [Server thread/WARN] [net.minecraft.server.MinecraftServer/]: Can't keep up! Is the server overloaded? Running 3608ms or 72 ticks behind
[17Dec2024 00:48:01.329] [Server thread/WARN] [net.minecraft.server.MinecraftServer/]: Can't keep up! Is the server overloaded? Running 4190ms or 83 ticks behind
[17Dec2024 00:48:05.260] [Server thread/INFO] [net.minecraft.server.network.ServerLoginPacketListenerImpl/]: com.mojang.authlib.GameProfile@6ebe575b[id=<null>,name=Polluda,properties={},legacy=false] (/127.213.78.161:42043) lost connection: Disconnected
[17Dec2024 00:48:22.435] [Server thread/WARN] [net.minecraft.server.MinecraftServer/]: Can't keep up! Is the server overloaded? Running 6146ms or 122 ticks behind
[17Dec2024 00:48:34.092] [Server thread/INFO] [net.minecraft.server.network.ServerLoginPacketListenerImpl/]: com.mojang.authlib.GameProfile@2aff3a4[id=<null>,name=Polluda,properties={},legacy=false] (/127.213.78.161:49053) lost connection: Disconnected
[17Dec2024 00:48:41.409] [Server thread/WARN] [net.minecraft.server.MinecraftServer/]: Can't keep up! Is the server overloaded? Running 4021ms or 80 ticks behind
[17Dec2024 00:48:59.614] [Server thread/WARN] [net.minecraft.server.MinecraftServer/]: Can't keep up! Is the server overloaded? Running 3225ms or 64 ticks behind
[17Dec2024 00:49:04.180] [Server thread/INFO] [net.minecraft.server.network.ServerLoginPacketListenerImpl/]: com.mojang.authlib.GameProfile@6f7b1ded[id=<null>,name=Polluda,properties={},legacy=false] (/127.213.78.161:43363) lost connection: Disconnected
[17Dec2024 00:49:18.294] [Server thread/WARN] [net.minecraft.server.MinecraftServer/]: Can't keep up! Is the server overloaded? Running 3705ms or 74 ticks behind
[17Dec2024 00:49:38.357] [Server thread/WARN] [net.minecraft.server.MinecraftServer/]: Can't keep up! Is the server overloaded? Running 5068ms or 101 ticks behind
[17Dec2024 00:49:58.646] [Server thread/WARN] [net.minecraft.server.MinecraftServer/]: Can't keep up! Is the server overloaded? Running 5308ms or 106 ticks behind
[17Dec2024 00:50:03.892] [Server thread/WARN] [net.minecraft.server.level.ServerPlayerGameMode/]: Mismatch in destroy block pos: BlockPos{x=-1077, y=53, z=-188} BlockPos{x=-1078, y=53, z=-186}
[17Dec2024 00:50:13.406] [Server thread/INFO] [net.minecraft.server.MinecraftServer/]: [quipit0s: Teleported GabrielCacao to quipit0s]
[17Dec2024 00:50:21.061] [Server thread/WARN] [net.minecraft.server.MinecraftServer/]: Can't keep up! Is the server overloaded? Running 7422ms or 148 ticks behind
[17Dec2024 00:50:42.699] [Server thread/WARN] [net.minecraft.server.MinecraftServer/]: Can't keep up! Is the server overloaded? Running 6660ms or 133 ticks behind
[17Dec2024 00:51:03.011] [Server thread/WARN] [net.minecraft.server.MinecraftServer/]: Can't keep up! Is the server overloaded? Running 5323ms or 106 ticks behind
[17Dec2024 00:51:09.090] [Server thread/INFO] [net.minecraft.server.MinecraftServer/]: [Not Secure] <GabrielCacao> xd
[17Dec2024 00:51:11.656] [Server thread/INFO] [net.minecraft.server.players.PlayerList/]: Polluda[/127.213.78.161:50249] logged in with entity id 12029840 at (72.5, 64.0, 40.5)
[17Dec2024 00:51:11.675] [Server thread/INFO] [net.minecraft.server.MinecraftServer/]: Polluda joined the game
[17Dec2024 00:51:11.736] [Server thread/INFO] [net.minecraft.server.MinecraftServer/]: Polluda has made the advancement [Nether's Exoticism]
[17Dec2024 00:51:11.739] [Server thread/INFO] [net.minecraft.server.MinecraftServer/]: Polluda has made the advancement [Christmas]
[17Dec2024 00:51:22.603] [Server thread/WARN] [net.minecraft.server.MinecraftServer/]: Can't keep up! Is the server overloaded? Running 4615ms or 92 ticks behind
[17Dec2024 00:51:34.926] [Server thread/INFO] [net.minecraft.server.MinecraftServer/]: Polluda has made the advancement [Nether Depths Upgrade]
[17Dec2024 00:51:34.927] [Server thread/INFO] [net.minecraft.server.MinecraftServer/]: Polluda has reached the goal [Nether's Overhaul]
[17Dec2024 00:51:34.927] [Server thread/INFO] [net.minecraft.server.MinecraftServer/]: Polluda has made the advancement [We Need to Go Deeper]
[17Dec2024 00:51:34.928] [Server thread/INFO] [net.minecraft.server.MinecraftServer/]: [quipit0s: Teleported Polluda to quipit0s]
[17Dec2024 00:51:42.280] [Server thread/WARN] [net.minecraft.server.MinecraftServer/]: Can't keep up! Is the server overloaded? Running 4691ms or 93 ticks behind
[17Dec2024 00:52:01.239] [Server thread/WARN] [net.minecraft.server.MinecraftServer/]: Can't keep up! Is the server overloaded? Running 4000ms or 80 ticks behind
[17Dec2024 00:52:20.461] [Server thread/WARN] [net.minecraft.server.MinecraftServer/]: Can't keep up! Is the server overloaded? Running 4222ms or 84 ticks behind
[17Dec2024 00:52:26.488] [Server thread/INFO] [net.minecraft.server.MinecraftServer/]: quipit0s has made the advancement [Thorn Again]
[17Dec2024 00:52:39.957] [Server thread/WARN] [net.minecraft.server.MinecraftServer/]: Can't keep up! Is the server overloaded? Running 4518ms or 90 ticks behind
[17Dec2024 00:52:59.444] [Server thread/WARN] [net.minecraft.server.MinecraftServer/]: Can't keep up! Is the server overloaded? Running 4505ms or 90 ticks behind
[17Dec2024 00:53:19.250] [Server thread/WARN] [net.minecraft.server.MinecraftServer/]: Can't keep up! Is the server overloaded? Running 4811ms or 96 ticks behind
[17Dec2024 00:53:26.837] [Server thread/WARN] [net.minecraft.server.level.ServerPlayerGameMode/]: Mismatch in destroy block pos: BlockPos{x=-1017, y=102, z=-278} BlockPos{x=-1016, y=103, z=-277}
[17Dec2024 00:53:40.117] [Server thread/WARN] [net.minecraft.server.MinecraftServer/]: Can't keep up! Is the server overloaded? Running 5878ms or 117 ticks behind
[17Dec2024 00:54:01.590] [Server thread/WARN] [net.minecraft.server.MinecraftServer/]: Can't keep up! Is the server overloaded? Running 6501ms or 130 ticks behind
[17Dec2024 00:54:23.465] [Server thread/WARN] [net.minecraft.server.MinecraftServer/]: Can't keep up! Is the server overloaded? Running 6876ms or 137 ticks behind
[17Dec2024 00:54:32.120] [Server thread/INFO] [net.minecraft.server.MinecraftServer/]: [quipit0s: Played sound witherstormmod:wither_storm_roar to quipit0s]
[17Dec2024 00:54:46.036] [Server thread/WARN] [net.minecraft.server.MinecraftServer/]: Can't keep up! Is the server overloaded? Running 7597ms or 151 ticks behind
[17Dec2024 00:54:47.567] [Server thread/INFO] [net.minecraft.server.MinecraftServer/]: [quipit0s: Played sound witherstormmod:wither_storm_roar to 4 players]
[17Dec2024 00:55:13.066] [Server thread/WARN] [net.minecraft.server.MinecraftServer/]: Can't keep up! Is the server overloaded? Running 12077ms or 241 ticks behind
[17Dec2024 00:55:37.021] [Server thread/WARN] [net.minecraft.server.MinecraftServer/]: Can't keep up! Is the server overloaded? Running 8982ms or 179 ticks behind
[17Dec2024 00:56:00.737] [Server thread/WARN] [net.minecraft.server.MinecraftServer/]: Can't keep up! Is the server overloaded? Running 8748ms or 174 ticks behind
[17Dec2024 00:56:25.851] [Server thread/WARN] [net.minecraft.server.MinecraftServer/]: Can't keep up! Is the server overloaded? Running 10163ms or 203 ticks behind
[17Dec2024 00:56:36.391] [Server thread/INFO] [net.minecraft.server.MinecraftServer/]: [quipit0s: Teleported GabrielCacao to GabrielCacao]
[17Dec2024 00:56:41.035] [Server thread/INFO] [net.minecraft.server.MinecraftServer/]: [quipit0s: Teleported GabrielCacao to GamerRCJ]
[17Dec2024 00:56:50.430] [Server thread/WARN] [net.minecraft.server.MinecraftServer/]: Can't keep up! Is the server overloaded? Running 9591ms or 191 ticks behind
[17Dec2024 00:57:13.076] [Server thread/WARN] [net.minecraft.server.MinecraftServer/]: Can't keep up! Is the server overloaded? Running 7687ms or 153 ticks behind
[17Dec2024 00:57:36.175] [Server thread/WARN] [net.minecraft.server.MinecraftServer/]: Can't keep up! Is the server overloaded? Running 8136ms or 162 ticks behind
[17Dec2024 00:57:43.661] [Server thread/INFO] [net.minecraft.server.MinecraftServer/]: [Not Secure] <GabrielCacao> hell strider 1
[17Dec2024 00:57:58.354] [Server thread/WARN] [net.minecraft.server.MinecraftServer/]: Can't keep up! Is the server overloaded? Running 7215ms or 144 ticks behind
[17Dec2024 00:58:21.045] [Server thread/WARN] [net.minecraft.server.MinecraftServer/]: Can't keep up! Is the server overloaded? Running 7706ms or 154 ticks behind
[17Dec2024 00:58:24.119] [Server thread/INFO] [net.minecraft.server.MinecraftServer/]: [quipit0s: Teleported quipit0s to GamerRCJ]
[17Dec2024 00:58:24.357] [Server thread/INFO] [net.minecraft.server.MinecraftServer/]: [Not Secure] <GabrielCacao> xd
[17Dec2024 00:58:42.988] [Server thread/WARN] [net.minecraft.server.MinecraftServer/]: Can't keep up! Is the server overloaded? Running 6950ms or 139 ticks behind
[17Dec2024 00:59:04.167] [Server thread/WARN] [net.minecraft.server.MinecraftServer/]: Can't keep up! Is the server overloaded? Running 6178ms or 123 ticks behind
[17Dec2024 00:59:25.149] [Server thread/WARN] [net.minecraft.server.MinecraftServer/]: Can't keep up! Is the server overloaded? Running 6010ms or 120 ticks behind
[17Dec2024 00:59:46.340] [Server thread/WARN] [net.minecraft.server.MinecraftServer/]: Can't keep up! Is the server overloaded? Running 6201ms or 124 ticks behind
[17Dec2024 01:00:07.646] [Server thread/WARN] [net.minecraft.server.MinecraftServer/]: Can't keep up! Is the server overloaded? Running 6307ms or 126 ticks behind
